INFO:root:start
INFO:root:{"result":"success","message":{"error_message":"null","total_frame":274,"video_duration":18200,"info":[{"step_id":1,"frame_id":117,"error_type":"wrong_pill_shape"},{"step_id":3,"frame_id":170,"error_type":"face_missing"},{"step_id":3,"frame_id":180,"error_type":"face_missing"}]}}
INFO:root:finish
INFO:root:start
INFO:root:{"result":"success","message":{"error_message":"null","total_frame":274,"video_duration":18200,"info":[{"step_id":1,"frame_id":117,"error_type":"wrong_pill_shape"},{"step_id":3,"frame_id":170,"error_type":"face_missing"},{"step_id":3,"frame_id":180,"error_type":"face_missing"}]}}
INFO:root:finish
INFO:root:start
INFO:root:{"result":"success","message":{"error_message":"null","total_frame":274,"video_duration":18200,"info":[{"step_id":1,"frame_id":117,"error_type":"wrong_pill_shape"},{"step_id":3,"frame_id":170,"error_type":"face_missing"},{"step_id":3,"frame_id":180,"error_type":"face_missing"}]}}
INFO:root:finish
INFO:root:start
INFO:root:{"result":"success","message":{"error_message":"null","total_frame":274,"video_duration":18200,"info":[{"step_id":1,"frame_id":117,"error_type":"wrong_pill_shape"},{"step_id":3,"frame_id":170,"error_type":"face_missing"},{"step_id":3,"frame_id":180,"error_type":"face_missing"}]}}
INFO:root:finish
INFO:root:start
INFO:root:{"result":"success","message":{"error_message":"null","total_frame":274,"video_duration":18200,"info":[{"step_id":1,"frame_id":117,"error_type":"wrong_pill_color"},{"step_id":3,"frame_id":170,"error_type":"face_missing"},{"step_id":3,"frame_id":180,"error_type":"face_missing"}]}}
INFO:root:finish
INFO:root:start
INFO:root:{"result":"success","message":{"error_message":"null","total_frame":274,"video_duration":18200,"info":[{"step_id":1,"frame_id":117,"error_type":"wrong_pill_color"},{"step_id":3,"frame_id":170,"error_type":"face_missing"},{"step_id":3,"frame_id":180,"error_type":"face_missing"}]}}
INFO:root:finish
INFO:root:start
INFO:root:{"result":"success","message":{"error_message":"null","total_frame":274,"video_duration":18200,"info":[{"step_id":1,"frame_id":117,"error_type":"wrong_pill_color"},{"step_id":3,"frame_id":170,"error_type":"face_missing"},{"step_id":3,"frame_id":180,"error_type":"face_missing"}]}}
INFO:root:finish
INFO:root:start
INFO:root:{"result":"success","message":{"error_message":"null","total_frame":274,"video_duration":18200,"info":[{"step_id":3,"frame_id":170,"error_type":"face_missing"},{"step_id":3,"frame_id":180,"error_type":"face_missing"}]}}
INFO:root:finish
