INFO:root:start
INFO:root:{"result":"success","message":{"error_message":"null","info":[{"step_id":0,"frame_id":4,"error_type":"face_missing"},{"step_id":0,"frame_id":5,"error_type":"face_missing"},{"step_id":0,"frame_id":6,"error_type":"face_missing"},{"step_id":0,"frame_id":12,"error_type":"face_missing"},{"step_id":1,"frame_id":40,"error_type":"wrong_pill_shape"},{"step_id":2,"frame_id":61,"error_type":"face_missing"},{"step_id":0,"frame_id":91,"error_type":"face_missing"},{"step_id":0,"frame_id":92,"error_type":"face_missing"},{"step_id":0,"frame_id":93,"error_type":"face_missing"},{"step_id":0,"frame_id":94,"error_type":"face_missing"},{"step_id":0,"frame_id":95,"error_type":"face_missing"}]}}
INFO:root:finish
INFO:root:start
INFO:root:{"result":"success","message":{"error_message":"null","info":[{"step_id":0,"frame_id":4,"error_type":"face_missing"},{"step_id":0,"frame_id":5,"error_type":"face_missing"},{"step_id":0,"frame_id":6,"error_type":"face_missing"},{"step_id":0,"frame_id":12,"error_type":"face_missing"},{"step_id":1,"frame_id":40,"error_type":"wrong_pill_shape"},{"step_id":2,"frame_id":61,"error_type":"face_missing"},{"step_id":0,"frame_id":91,"error_type":"face_missing"},{"step_id":0,"frame_id":92,"error_type":"face_missing"},{"step_id":0,"frame_id":93,"error_type":"face_missing"},{"step_id":0,"frame_id":94,"error_type":"face_missing"},{"step_id":0,"frame_id":95,"error_type":"face_missing"}]}}
INFO:root:finish
INFO:root:start
INFO:root:{"result":"success","message":{"error_message":"null","info":[{"step_id":0,"frame_id":4,"error_type":"face_missing"},{"step_id":0,"frame_id":5,"error_type":"face_missing"},{"step_id":0,"frame_id":6,"error_type":"face_missing"},{"step_id":0,"frame_id":12,"error_type":"face_missing"},{"step_id":1,"frame_id":40,"error_type":"wrong_pill_shape"},{"step_id":2,"frame_id":61,"error_type":"face_missing"},{"step_id":0,"frame_id":91,"error_type":"face_missing"},{"step_id":0,"frame_id":92,"error_type":"face_missing"},{"step_id":0,"frame_id":93,"error_type":"face_missing"},{"step_id":0,"frame_id":94,"error_type":"face_missing"},{"step_id":0,"frame_id":95,"error_type":"face_missing"}]}}
INFO:root:finish
INFO:root:start
INFO:root:{"result":"success","message":{"error_message":"null","info":[{"step_id":0,"frame_id":4,"error_type":"face_missing"},{"step_id":0,"frame_id":5,"error_type":"face_missing"},{"step_id":0,"frame_id":6,"error_type":"face_missing"},{"step_id":0,"frame_id":12,"error_type":"face_missing"},{"step_id":1,"frame_id":40,"error_type":"wrong_pill_shape"},{"step_id":2,"frame_id":61,"error_type":"face_missing"},{"step_id":0,"frame_id":91,"error_type":"face_missing"},{"step_id":0,"frame_id":92,"error_type":"face_missing"},{"step_id":0,"frame_id":93,"error_type":"face_missing"},{"step_id":0,"frame_id":94,"error_type":"face_missing"},{"step_id":0,"frame_id":95,"error_type":"face_missing"}]}}
INFO:root:finish
INFO:root:start
INFO:root:{"result":"success","message":{"error_message":"null","info":[{"step_id":0,"frame_id":4,"error_type":"face_missing"},{"step_id":0,"frame_id":5,"error_type":"face_missing"},{"step_id":0,"frame_id":6,"error_type":"face_missing"},{"step_id":0,"frame_id":12,"error_type":"face_missing"},{"step_id":1,"frame_id":40,"error_type":"wrong_pill_shape"},{"step_id":2,"frame_id":61,"error_type":"face_missing"},{"step_id":0,"frame_id":91,"error_type":"face_missing"},{"step_id":0,"frame_id":92,"error_type":"face_missing"},{"step_id":0,"frame_id":93,"error_type":"face_missing"},{"step_id":0,"frame_id":94,"error_type":"face_missing"},{"step_id":0,"frame_id":95,"error_type":"face_missing"}]}}
INFO:root:finish
INFO:root:start
INFO:root:{"result":"success","message":{"error_message":"null","info":[{"step_id":0,"frame_id":4,"error_type":"face_missing"},{"step_id":0,"frame_id":5,"error_type":"face_missing"},{"step_id":0,"frame_id":6,"error_type":"face_missing"},{"step_id":0,"frame_id":12,"error_type":"face_missing"},{"step_id":1,"frame_id":40,"error_type":"wrong_pill_shape"},{"step_id":2,"frame_id":61,"error_type":"face_missing"},{"step_id":0,"frame_id":91,"error_type":"face_missing"},{"step_id":0,"frame_id":92,"error_type":"face_missing"},{"step_id":0,"frame_id":93,"error_type":"face_missing"},{"step_id":0,"frame_id":94,"error_type":"face_missing"},{"step_id":0,"frame_id":95,"error_type":"face_missing"}]}}
INFO:root:finish
INFO:root:start
INFO:root:{"result":"success","message":{"error_message":"null","info":[{"step_id":0,"frame_id":4,"error_type":"face_missing"},{"step_id":0,"frame_id":5,"error_type":"face_missing"},{"step_id":0,"frame_id":6,"error_type":"face_missing"},{"step_id":0,"frame_id":12,"error_type":"face_missing"},{"step_id":1,"frame_id":40,"error_type":"wrong_pill_shape"},{"step_id":2,"frame_id":61,"error_type":"face_missing"},{"step_id":0,"frame_id":91,"error_type":"face_missing"},{"step_id":0,"frame_id":92,"error_type":"face_missing"},{"step_id":0,"frame_id":93,"error_type":"face_missing"},{"step_id":0,"frame_id":94,"error_type":"face_missing"},{"step_id":0,"frame_id":95,"error_type":"face_missing"}]}}
INFO:root:finish
INFO:root:start
INFO:root:{"result":"success","message":{"error_message":"null","info":[{"step_id":0,"frame_id":4,"error_type":"face_missing"},{"step_id":0,"frame_id":5,"error_type":"face_missing"},{"step_id":0,"frame_id":6,"error_type":"face_missing"},{"step_id":0,"frame_id":12,"error_type":"face_missing"},{"step_id":1,"frame_id":40,"error_type":"wrong_pill_shape"},{"step_id":2,"frame_id":61,"error_type":"face_missing"},{"step_id":0,"frame_id":91,"error_type":"face_missing"},{"step_id":0,"frame_id":92,"error_type":"face_missing"},{"step_id":0,"frame_id":93,"error_type":"face_missing"},{"step_id":0,"frame_id":94,"error_type":"face_missing"},{"step_id":0,"frame_id":95,"error_type":"face_missing"}]}}
INFO:root:finish
INFO:root:start
INFO:root:{"result":"success","message":{"error_message":"null","info":[{"step_id":0,"frame_id":4,"error_type":"face_missing"},{"step_id":0,"frame_id":5,"error_type":"face_missing"},{"step_id":0,"frame_id":6,"error_type":"face_missing"},{"step_id":0,"frame_id":12,"error_type":"face_missing"},{"step_id":1,"frame_id":40,"error_type":"wrong_pill_shape"},{"step_id":1,"frame_id":40,"error_type":"wrong_pill_color"},{"step_id":2,"frame_id":61,"error_type":"face_missing"},{"step_id":0,"frame_id":91,"error_type":"face_missing"},{"step_id":0,"frame_id":92,"error_type":"face_missing"},{"step_id":0,"frame_id":93,"error_type":"face_missing"},{"step_id":0,"frame_id":94,"error_type":"face_missing"},{"step_id":0,"frame_id":95,"error_type":"face_missing"}]}}
INFO:root:finish
INFO:root:start
INFO:root:{"result":"success","message":{"error_message":"null","info":[{"step_id":0,"frame_id":4,"error_type":"face_missing"},{"step_id":0,"frame_id":5,"error_type":"face_missing"},{"step_id":0,"frame_id":6,"error_type":"face_missing"},{"step_id":0,"frame_id":12,"error_type":"face_missing"},{"step_id":1,"frame_id":40,"error_type":"wrong_pill_shape"},{"step_id":1,"frame_id":40,"error_type":"wrong_pill_color"},{"step_id":2,"frame_id":61,"error_type":"face_missing"},{"step_id":0,"frame_id":91,"error_type":"face_missing"},{"step_id":0,"frame_id":92,"error_type":"face_missing"},{"step_id":0,"frame_id":93,"error_type":"face_missing"},{"step_id":0,"frame_id":94,"error_type":"face_missing"},{"step_id":0,"frame_id":95,"error_type":"face_missing"}]}}
INFO:root:finish
INFO:root:start
INFO:root:{"result":"failure","message":{"error_message":"[Errno 2] No such file or directory","total_frame":0,"video_duration":0,"info":[]}}
INFO:root:finish
INFO:root:start
INFO:root:{"result":"success","message":{"error_message":"null","total_frame":107,"video_duration":7130,"info":[{"step_id":0,"frame_id":4,"error_type":"face_missing"},{"step_id":0,"frame_id":5,"error_type":"face_missing"},{"step_id":0,"frame_id":6,"error_type":"face_missing"},{"step_id":0,"frame_id":12,"error_type":"face_missing"},{"step_id":1,"frame_id":40,"error_type":"wrong_pill_shape"},{"step_id":2,"frame_id":61,"error_type":"face_missing"},{"step_id":0,"frame_id":91,"error_type":"face_missing"},{"step_id":0,"frame_id":92,"error_type":"face_missing"},{"step_id":0,"frame_id":93,"error_type":"face_missing"},{"step_id":0,"frame_id":94,"error_type":"face_missing"},{"step_id":0,"frame_id":95,"error_type":"face_missing"}]}}
INFO:root:finish
INFO:root:start
INFO:root:{"result":"success","message":{"error_message":"null","total_frame":107,"video_duration":7130,"info":[{"step_id":0,"frame_id":4,"error_type":"face_missing"},{"step_id":0,"frame_id":5,"error_type":"face_missing"},{"step_id":0,"frame_id":6,"error_type":"face_missing"},{"step_id":0,"frame_id":12,"error_type":"face_missing"},{"step_id":1,"frame_id":40,"error_type":"wrong_pill_shape"},{"step_id":1,"frame_id":40,"error_type":"wrong_pill_color"},{"step_id":2,"frame_id":61,"error_type":"face_missing"},{"step_id":0,"frame_id":91,"error_type":"face_missing"},{"step_id":0,"frame_id":92,"error_type":"face_missing"},{"step_id":0,"frame_id":93,"error_type":"face_missing"},{"step_id":0,"frame_id":94,"error_type":"face_missing"},{"step_id":0,"frame_id":95,"error_type":"face_missing"}]}}
INFO:root:finish
